1887217 139732398483264 2025.11.11 14.51.52 INFO.api_ai.py.api_ai.api_ai.20 None
1899362 139842832746304 2025.11.11 14.53.02 INFO.api_ai.py.api_ai.api_ai.20 None
1899362 139842832746304 2025.11.11 14.53.02 INFO.api_ai.py.api_ai.api_ai.43 None
1899362 139842832746304 2025.11.11 14.53.09 INFO.api_ai.py.api_ai.api_ai.20 None
1899362 139842832746304 2025.11.11 14.53.09 INFO.api_ai.py.api_ai.api_ai.43 None
1909664 139662866519872 2025.11.11 14.53.53 INFO.api_ai.py.api_ai.api_ai.20 None
1909664 139662866519872 2025.11.11 14.53.53 INFO.api_ai.py.api_ai.api_ai.43 None
1913314 140540354447168 2025.11.11 14.54.11 INFO.api_ai.py.api_ai.api_ai.21 None
1913314 140540354447168 2025.11.11 14.54.11 INFO.api_ai.py.api_ai.api_ai.44 None
1913314 140540354447168 2025.11.11 14.54.12 INFO.api_ai.py.api_ai.api_ai.21 None
1913314 140540354447168 2025.11.11 14.54.12 INFO.api_ai.py.api_ai.api_ai.44 None
1913314 140540354447168 2025.11.11 14.54.14 INFO.api_ai.py.api_ai.api_ai.21 None
1913314 140540354447168 2025.11.11 14.54.14 INFO.api_ai.py.api_ai.api_ai.44 None
1913314 140540354447168 2025.11.11 14.54.14 INFO.api_ai.py.api_ai.api_ai.21 None
1913314 140540354447168 2025.11.11 14.54.14 INFO.api_ai.py.api_ai.api_ai.44 None
1913314 140540354447168 2025.11.11 14.54.15 INFO.api_ai.py.api_ai.api_ai.21 None
1913314 140540354447168 2025.11.11 14.54.15 INFO.api_ai.py.api_ai.api_ai.44 None
2107011 140267577841472 2025.11.11 15.13.27 INFO.api_ai.py.api_ai.api_ai.21 {"text": "02-monitoring", "finish_reason": "stop", "choices": null}
2107011 140267577841472 2025.11.11 15.13.27 INFO.api_ai.py.api_ai.api_ai.44 02-monitoring
2107011 140267577841472 2025.11.11 15.13.28 INFO.api_ai.py.api_ai.api_ai.21 {"text": "github", "finish_reason": "stop", "choices": null}
2107011 140267577841472 2025.11.11 15.13.28 INFO.api_ai.py.api_ai.api_ai.44 github
2113061 140067559810880 2025.11.11 15.14.01 INFO.api_ai.py.api_ai.api_ai.21 {"text": "03-android", "finish_reason": "stop", "choices": null}
2113061 140067559810880 2025.11.11 15.14.01 INFO.api_ai.py.api_ai.api_ai.44 03-android
2113061 140067559810880 2025.11.11 15.14.02 INFO.api_ai.py.api_ai.api_ai.21 {"text": "01-ai", "finish_reason": "stop", "choices": null}
2113061 140067559810880 2025.11.11 15.14.02 INFO.api_ai.py.api_ai.api_ai.44 01-ai
2113061 140067559810880 2025.11.11 15.14.03 INFO.api_ai.py.api_ai.api_ai.21 {"text": "01-ai", "finish_reason": "stop", "choices": null}
2113061 140067559810880 2025.11.11 15.14.03 INFO.api_ai.py.api_ai.api_ai.44 01-ai
2113061 140067559810880 2025.11.11 15.14.04 INFO.api_ai.py.api_ai.api_ai.21 {"text": "01-rust", "finish_reason": "stop", "choices": null}
2113061 140067559810880 2025.11.11 15.14.04 INFO.api_ai.py.api_ai.api_ai.44 01-rust
2113061 140067559810880 2025.11.11 15.14.05 INFO.api_ai.py.api_ai.api_ai.21 {"text": "github", "finish_reason": "stop", "choices": null}
2113061 140067559810880 2025.11.11 15.14.05 INFO.api_ai.py.api_ai.api_ai.44 github
2113061 140067559810880 2025.11.11 15.14.07 INFO.api_ai.py.api_ai.api_ai.21 {"text": "01-rust", "finish_reason": "stop", "choices": null}
2113061 140067559810880 2025.11.11 15.14.07 INFO.api_ai.py.api_ai.api_ai.44 01-rust
2113061 140067559810880 2025.11.11 15.14.08 INFO.api_ai.py.api_ai.api_ai.21 {"text": "01-docker", "finish_reason": "stop", "choices": null}
2113061 140067559810880 2025.11.11 15.14.08 INFO.api_ai.py.api_ai.api_ai.44 01-docker
2113061 140067559810880 2025.11.11 15.14.09 INFO.api_ai.py.api_ai.api_ai.21 {"text": "04-translation", "finish_reason": "stop", "choices": null}
2113061 140067559810880 2025.11.11 15.14.09 INFO.api_ai.py.api_ai.api_ai.44 04-translation
2113061 140067559810880 2025.11.11 15.14.10 INFO.api_ai.py.api_ai.api_ai.21 {"text": "02-networking", "finish_reason": "stop", "choices": null}
2113061 140067559810880 2025.11.11 15.14.10 INFO.api_ai.py.api_ai.api_ai.44 02-networking
2113061 140067559810880 2025.11.11 15.14.13 INFO.api_ai.py.api_ai.api_ai.21 {"text": "02-web", "finish_reason": "stop", "choices": null}
2113061 140067559810880 2025.11.11 15.14.13 INFO.api_ai.py.api_ai.api_ai.44 02-web
2113061 140067559810880 2025.11.11 15.14.14 INFO.api_ai.py.api_ai.api_ai.21 {"text": "01-lua", "finish_reason": "stop", "choices": null}
2113061 140067559810880 2025.11.11 15.14.14 INFO.api_ai.py.api_ai.api_ai.44 01-lua
2113061 140067559810880 2025.11.11 15.14.15 INFO.api_ai.py.api_ai.api_ai.21 {"text": "02-api", "finish_reason": "stop", "choices": null}
2113061 140067559810880 2025.11.11 15.14.15 INFO.api_ai.py.api_ai.api_ai.44 02-api
2113061 140067559810880 2025.11.11 15.14.16 INFO.api_ai.py.api_ai.api_ai.21 {"text": "01-javascript", "finish_reason": "stop", "choices": null}
2113061 140067559810880 2025.11.11 15.14.16 INFO.api_ai.py.api_ai.api_ai.44 01-javascript
2113061 140067559810880 2025.11.11 15.14.17 INFO.api_ai.py.api_ai.api_ai.21 {"text": "github", "finish_reason": "stop", "choices": null}
2113061 140067559810880 2025.11.11 15.14.17 INFO.api_ai.py.api_ai.api_ai.44 github
2113061 140067559810880 2025.11.11 15.14.17 INFO.api_ai.py.api_ai.api_ai.21 {"text": "01-rust", "finish_reason": "stop", "choices": null}
2113061 140067559810880 2025.11.11 15.14.17 INFO.api_ai.py.api_ai.api_ai.44 01-rust
2113061 140067559810880 2025.11.11 15.14.19 INFO.api_ai.py.api_ai.api_ai.21 {"text": "05-openwrt", "finish_reason": "stop", "choices": null}
2113061 140067559810880 2025.11.11 15.14.19 INFO.api_ai.py.api_ai.api_ai.44 05-openwrt
2113061 140067559810880 2025.11.11 15.14.19 INFO.api_ai.py.api_ai.api_ai.21 {"text": "03-testing", "finish_reason": "stop", "choices": null}
2113061 140067559810880 2025.11.11 15.14.19 INFO.api_ai.py.api_ai.api_ai.44 03-testing
2113061 140067559810880 2025.11.11 15.14.20 INFO.api_ai.py.api_ai.api_ai.21 {"text": "01-docker", "finish_reason": "stop", "choices": null}
2113061 140067559810880 2025.11.11 15.14.20 INFO.api_ai.py.api_ai.api_ai.44 01-docker
2113061 140067559810880 2025.11.11 15.14.21 INFO.api_ai.py.api_ai.api_ai.21 {"text": "02-api", "finish_reason": "stop", "choices": null}
2113061 140067559810880 2025.11.11 15.14.21 INFO.api_ai.py.api_ai.api_ai.44 02-api
2113061 140067559810880 2025.11.11 15.14.23 INFO.api_ai.py.api_ai.api_ai.21 {"text": "01-ai", "finish_reason": "stop", "choices": null}
2113061 140067559810880 2025.11.11 15.14.23 INFO.api_ai.py.api_ai.api_ai.44 01-ai
2113061 140067559810880 2025.11.11 15.14.26 INFO.api_ai.py.api_ai.api_ai.21 {"text": "01-go", "finish_reason": "stop", "choices": null}
2113061 140067559810880 2025.11.11 15.14.26 INFO.api_ai.py.api_ai.api_ai.44 01-go
2113061 140067559810880 2025.11.11 15.14.27 INFO.api_ai.py.api_ai.api_ai.21 {"text": "github", "finish_reason": "stop", "choices": null}
2113061 140067559810880 2025.11.11 15.14.27 INFO.api_ai.py.api_ai.api_ai.44 github
2113061 140067559810880 2025.11.11 15.14.28 INFO.api_ai.py.api_ai.api_ai.21 {"text": "01-python", "finish_reason": "stop", "choices": null}
2113061 140067559810880 2025.11.11 15.14.28 INFO.api_ai.py.api_ai.api_ai.44 01-python
2113061 140067559810880 2025.11.11 15.14.29 INFO.api_ai.py.api_ai.api_ai.21 {"text": "01-nodejs", "finish_reason": "stop", "choices": null}
2113061 140067559810880 2025.11.11 15.14.29 INFO.api_ai.py.api_ai.api_ai.44 01-nodejs
2113061 140067559810880 2025.11.11 15.14.30 INFO.api_ai.py.api_ai.api_ai.21 {"text": "02-kubernetes", "finish_reason": "stop", "choices": null}
2113061 140067559810880 2025.11.11 15.14.30 INFO.api_ai.py.api_ai.api_ai.44 02-kubernetes
2113061 140067559810880 2025.11.11 15.14.31 INFO.api_ai.py.api_ai.api_ai.21 {"text": "02-data", "finish_reason": "stop", "choices": null}
2113061 140067559810880 2025.11.11 15.14.31 INFO.api_ai.py.api_ai.api_ai.44 02-data
2113061 140067559810880 2025.11.11 15.14.32 INFO.api_ai.py.api_ai.api_ai.21 {"text": "01-ai", "finish_reason": "stop", "choices": null}
2113061 140067559810880 2025.11.11 15.14.32 INFO.api_ai.py.api_ai.api_ai.44 01-ai
2113061 140067559810880 2025.11.11 15.14.33 INFO.api_ai.py.api_ai.api_ai.21 {"text": "01-rust", "finish_reason": "stop", "choices": null}
2113061 140067559810880 2025.11.11 15.14.33 INFO.api_ai.py.api_ai.api_ai.44 01-rust
2113061 140067559810880 2025.11.11 15.14.33 INFO.api_ai.py.api_ai.api_ai.21 {"text": "01-ai", "finish_reason": "stop", "choices": null}
2113061 140067559810880 2025.11.11 15.14.33 INFO.api_ai.py.api_ai.api_ai.44 01-ai
2113061 140067559810880 2025.11.11 15.14.34 INFO.api_ai.py.api_ai.api_ai.21 {"text": "05-games", "finish_reason": "stop", "choices": null}
2113061 140067559810880 2025.11.11 15.14.34 INFO.api_ai.py.api_ai.api_ai.44 05-games
2113061 140067559810880 2025.11.11 15.14.36 INFO.api_ai.py.api_ai.api_ai.21 {"text": "01-rust", "finish_reason": "stop", "choices": null}
2113061 140067559810880 2025.11.11 15.14.36 INFO.api_ai.py.api_ai.api_ai.44 01-rust
2113061 140067559810880 2025.11.11 15.14.37 INFO.api_ai.py.api_ai.api_ai.21 {"text": "02-web", "finish_reason": "stop", "choices": null}
2113061 140067559810880 2025.11.11 15.14.37 INFO.api_ai.py.api_ai.api_ai.44 02-web
2113061 140067559810880 2025.11.11 15.14.38 INFO.api_ai.py.api_ai.api_ai.21 {"text": "01-ai", "finish_reason": "stop", "choices": null}
2113061 140067559810880 2025.11.11 15.14.38 INFO.api_ai.py.api_ai.api_ai.44 01-ai
2113061 140067559810880 2025.11.11 15.14.39 INFO.api_ai.py.api_ai.api_ai.21 {"text": "01-ai", "finish_reason": "stop", "choices": null}
2113061 140067559810880 2025.11.11 15.14.39 INFO.api_ai.py.api_ai.api_ai.44 01-ai
2113061 140067559810880 2025.11.11 15.14.40 INFO.api_ai.py.api_ai.api_ai.21 {"text": "github", "finish_reason": "stop", "choices": null}
2113061 140067559810880 2025.11.11 15.14.40 INFO.api_ai.py.api_ai.api_ai.44 github
2113061 140067559810880 2025.11.11 15.14.42 INFO.api_ai.py.api_ai.api_ai.21 {"text": "03-download", "finish_reason": "stop", "choices": null}
2113061 140067559810880 2025.11.11 15.14.42 INFO.api_ai.py.api_ai.api_ai.44 03-download
2113061 140067559810880 2025.11.11 15.14.42 INFO.api_ai.py.api_ai.api_ai.21 {"text": "02-dotfiles", "finish_reason": "stop", "choices": null}
2113061 140067559810880 2025.11.11 15.14.42 INFO.api_ai.py.api_ai.api_ai.44 02-dotfiles
2113061 140067559810880 2025.11.11 15.14.43 INFO.api_ai.py.api_ai.api_ai.21 {"text": "03-guides", "finish_reason": "stop", "choices": null}
2113061 140067559810880 2025.11.11 15.14.43 INFO.api_ai.py.api_ai.api_ai.44 03-guides
2113061 140067559810880 2025.11.11 15.14.44 INFO.api_ai.py.api_ai.api_ai.21 {"text": "01-python", "finish_reason": "stop", "choices": null}
2113061 140067559810880 2025.11.11 15.14.44 INFO.api_ai.py.api_ai.api_ai.44 01-python
2113061 140067559810880 2025.11.11 15.14.45 INFO.api_ai.py.api_ai.api_ai.21 {"text": "01-neovim", "finish_reason": "stop", "choices": null}
2113061 140067559810880 2025.11.11 15.14.45 INFO.api_ai.py.api_ai.api_ai.44 01-neovim
2113061 140067559810880 2025.11.11 15.14.46 INFO.api_ai.py.api_ai.api_ai.21 {"text": "01-ai", "finish_reason": "stop", "choices": null}
2113061 140067559810880 2025.11.11 15.14.46 INFO.api_ai.py.api_ai.api_ai.44 01-ai
2113061 140067559810880 2025.11.11 15.14.47 INFO.api_ai.py.api_ai.api_ai.21 {"text": "01-ai", "finish_reason": "stop", "choices": null}
2113061 140067559810880 2025.11.11 15.14.47 INFO.api_ai.py.api_ai.api_ai.44 01-ai
2113061 140067559810880 2025.11.11 15.14.48 INFO.api_ai.py.api_ai.api_ai.21 {"text": "01-ai", "finish_reason": "stop", "choices": null}
2113061 140067559810880 2025.11.11 15.14.48 INFO.api_ai.py.api_ai.api_ai.44 01-ai
2113061 140067559810880 2025.11.11 15.14.49 INFO.api_ai.py.api_ai.api_ai.21 {"text": "01-ai", "finish_reason": "stop", "choices": null}
2113061 140067559810880 2025.11.11 15.14.49 INFO.api_ai.py.api_ai.api_ai.44 01-ai
2113061 140067559810880 2025.11.11 15.14.50 INFO.api_ai.py.api_ai.api_ai.21 {"text": "01-lua", "finish_reason": "stop", "choices": null}
2113061 140067559810880 2025.11.11 15.14.50 INFO.api_ai.py.api_ai.api_ai.44 01-lua
2113061 140067559810880 2025.11.11 15.14.51 INFO.api_ai.py.api_ai.api_ai.21 {"text": "01-ai", "finish_reason": "stop", "choices": null}
2113061 140067559810880 2025.11.11 15.14.51 INFO.api_ai.py.api_ai.api_ai.44 01-ai
2113061 140067559810880 2025.11.11 15.14.52 INFO.api_ai.py.api_ai.api_ai.21 {"text": "02-networking", "finish_reason": "stop", "choices": null}
2113061 140067559810880 2025.11.11 15.14.52 INFO.api_ai.py.api_ai.api_ai.44 02-networking
2113061 140067559810880 2025.11.11 15.14.53 INFO.api_ai.py.api_ai.api_ai.21 {"text": "02-deploy", "finish_reason": "stop", "choices": null}
2113061 140067559810880 2025.11.11 15.14.53 INFO.api_ai.py.api_ai.api_ai.44 02-deploy
2113061 140067559810880 2025.11.11 15.14.54 INFO.api_ai.py.api_ai.api_ai.21 {"text": "02-web", "finish_reason": "stop", "choices": null}
2113061 140067559810880 2025.11.11 15.14.54 INFO.api_ai.py.api_ai.api_ai.44 02-web
2113061 140067559810880 2025.11.11 15.14.55 INFO.api_ai.py.api_ai.api_ai.21 {"text": "02-monitoring", "finish_reason": "stop", "choices": null}
2113061 140067559810880 2025.11.11 15.14.55 INFO.api_ai.py.api_ai.api_ai.44 02-monitoring
2113061 140067559810880 2025.11.11 15.14.56 INFO.api_ai.py.api_ai.api_ai.21 {"text": "01-docker", "finish_reason": "stop", "choices": null}
2113061 140067559810880 2025.11.11 15.14.56 INFO.api_ai.py.api_ai.api_ai.44 01-docker
2113061 140067559810880 2025.11.11 15.14.56 INFO.api_ai.py.api_ai.api_ai.21 {"text": "02-git", "finish_reason": "stop", "choices": null}
2113061 140067559810880 2025.11.11 15.14.56 INFO.api_ai.py.api_ai.api_ai.44 02-git
2113061 140067559810880 2025.11.11 15.14.58 INFO.api_ai.py.api_ai.api_ai.21 {"text": "02-git", "finish_reason": "stop", "choices": null}
2113061 140067559810880 2025.11.11 15.14.58 INFO.api_ai.py.api_ai.api_ai.44 02-git
2113061 140067559810880 2025.11.11 15.14.58 INFO.api_ai.py.api_ai.api_ai.21 {"text": "02-kubernetes", "finish_reason": "stop", "choices": null}
2113061 140067559810880 2025.11.11 15.14.58 INFO.api_ai.py.api_ai.api_ai.44 02-kubernetes
2113061 140067559810880 2025.11.11 15.14.59 INFO.api_ai.py.api_ai.api_ai.21 {"text": "05-games", "finish_reason": "stop", "choices": null}
2113061 140067559810880 2025.11.11 15.14.59 INFO.api_ai.py.api_ai.api_ai.44 05-games
2113061 140067559810880 2025.11.11 15.15.01 INFO.api_ai.py.api_ai.api_ai.21 {"text": "05-media", "finish_reason": "stop", "choices": null}
2113061 140067559810880 2025.11.11 15.15.01 INFO.api_ai.py.api_ai.api_ai.44 05-media
2113061 140067559810880 2025.11.11 15.15.02 INFO.api_ai.py.api_ai.api_ai.21 {"text": "01-docker", "finish_reason": "stop", "choices": null}
2113061 140067559810880 2025.11.11 15.15.02 INFO.api_ai.py.api_ai.api_ai.44 01-docker
2113061 140067559810880 2025.11.11 15.15.03 INFO.api_ai.py.api_ai.api_ai.21 {"text": "02-monitoring", "finish_reason": "stop", "choices": null}
2113061 140067559810880 2025.11.11 15.15.03 INFO.api_ai.py.api_ai.api_ai.44 02-monitoring
2113061 140067559810880 2025.11.11 15.15.04 INFO.api_ai.py.api_ai.api_ai.21 {"text": "02-deploy", "finish_reason": "stop", "choices": null}
2113061 140067559810880 2025.11.11 15.15.04 INFO.api_ai.py.api_ai.api_ai.44 02-deploy
2113061 140067559810880 2025.11.11 15.15.05 INFO.api_ai.py.api_ai.api_ai.21 {"text": "02-web", "finish_reason": "stop", "choices": null}
2113061 140067559810880 2025.11.11 15.15.05 INFO.api_ai.py.api_ai.api_ai.44 02-web
2113061 140067559810880 2025.11.11 15.15.06 INFO.api_ai.py.api_ai.api_ai.21 {"text": "02-monitoring", "finish_reason": "stop", "choices": null}
2113061 140067559810880 2025.11.11 15.15.06 INFO.api_ai.py.api_ai.api_ai.44 02-monitoring
2113061 140067559810880 2025.11.11 15.15.07 INFO.api_ai.py.api_ai.api_ai.21 {"text": "05-media", "finish_reason": "stop", "choices": null}
2113061 140067559810880 2025.11.11 15.15.07 INFO.api_ai.py.api_ai.api_ai.44 05-media
2113061 140067559810880 2025.11.11 15.15.08 INFO.api_ai.py.api_ai.api_ai.21 {"text": "01-ai", "finish_reason": "stop", "choices": null}
2113061 140067559810880 2025.11.11 15.15.08 INFO.api_ai.py.api_ai.api_ai.44 01-ai
2113061 140067559810880 2025.11.11 15.15.09 INFO.api_ai.py.api_ai.api_ai.21 {"text": "01-lua", "finish_reason": "stop", "choices": null}
2113061 140067559810880 2025.11.11 15.15.09 INFO.api_ai.py.api_ai.api_ai.44 01-lua
2113061 140067559810880 2025.11.11 15.15.10 INFO.api_ai.py.api_ai.api_ai.21 {"text": "05-games", "finish_reason": "stop", "choices": null}
2113061 140067559810880 2025.11.11 15.15.10 INFO.api_ai.py.api_ai.api_ai.44 05-games
2113061 140067559810880 2025.11.11 15.15.11 INFO.api_ai.py.api_ai.api_ai.21 {"text": "02-chat", "finish_reason": "stop", "choices": null}
2113061 140067559810880 2025.11.11 15.15.11 INFO.api_ai.py.api_ai.api_ai.44 02-chat
2113061 140067559810880 2025.11.11 15.15.12 INFO.api_ai.py.api_ai.api_ai.21 {"text": "01-neovim", "finish_reason": "stop", "choices": null}
2113061 140067559810880 2025.11.11 15.15.12 INFO.api_ai.py.api_ai.api_ai.44 01-neovim
2113061 140067559810880 2025.11.11 15.15.13 INFO.api_ai.py.api_ai.api_ai.21 {"text": "02-api", "finish_reason": "stop", "choices": null}
2113061 140067559810880 2025.11.11 15.15.13 INFO.api_ai.py.api_ai.api_ai.44 02-api
2113061 140067559810880 2025.11.11 15.15.13 INFO.api_ai.py.api_ai.api_ai.21 {"text": "01-rust", "finish_reason": "stop", "choices": null}
2113061 140067559810880 2025.11.11 15.15.13 INFO.api_ai.py.api_ai.api_ai.44 01-rust
2113061 140067559810880 2025.11.11 15.15.14 INFO.api_ai.py.api_ai.api_ai.21 {"text": "01-rust", "finish_reason": "stop", "choices": null}
2113061 140067559810880 2025.11.11 15.15.14 INFO.api_ai.py.api_ai.api_ai.44 01-rust
2113061 140067559810880 2025.11.11 15.15.15 INFO.api_ai.py.api_ai.api_ai.21 {"text": "github", "finish_reason": "stop", "choices": null}
2113061 140067559810880 2025.11.11 15.15.15 INFO.api_ai.py.api_ai.api_ai.44 github
2113061 140067559810880 2025.11.11 15.15.16 INFO.api_ai.py.api_ai.api_ai.21 {"text": "01-python", "finish_reason": "stop", "choices": null}
2113061 140067559810880 2025.11.11 15.15.16 INFO.api_ai.py.api_ai.api_ai.44 01-python
2113061 140067559810880 2025.11.11 15.15.17 INFO.api_ai.py.api_ai.api_ai.21 {"text": "01-ai", "finish_reason": "stop", "choices": null}
2113061 140067559810880 2025.11.11 15.15.17 INFO.api_ai.py.api_ai.api_ai.44 01-ai
2113061 140067559810880 2025.11.11 15.15.18 INFO.api_ai.py.api_ai.api_ai.21 {"text": "01-ai", "finish_reason": "stop", "choices": null}
2113061 140067559810880 2025.11.11 15.15.18 INFO.api_ai.py.api_ai.api_ai.44 01-ai
2113061 140067559810880 2025.11.11 15.15.18 INFO.api_ai.py.api_ai.api_ai.21 {"text": "03-testing", "finish_reason": "stop", "choices": null}
2113061 140067559810880 2025.11.11 15.15.18 INFO.api_ai.py.api_ai.api_ai.44 03-testing
2113061 140067559810880 2025.11.11 15.15.19 INFO.api_ai.py.api_ai.api_ai.21 {"text": "05-games", "finish_reason": "stop", "choices": null}
2113061 140067559810880 2025.11.11 15.15.19 INFO.api_ai.py.api_ai.api_ai.44 05-games
2113061 140067559810880 2025.11.11 15.15.20 INFO.api_ai.py.api_ai.api_ai.21 {"text": "01-rust", "finish_reason": "stop", "choices": null}
2113061 140067559810880 2025.11.11 15.15.20 INFO.api_ai.py.api_ai.api_ai.44 01-rust
2113061 140067559810880 2025.11.11 15.15.21 INFO.api_ai.py.api_ai.api_ai.21 {"text": "01-ai", "finish_reason": "stop", "choices": null}
2113061 140067559810880 2025.11.11 15.15.21 INFO.api_ai.py.api_ai.api_ai.44 01-ai
2113061 140067559810880 2025.11.11 15.15.22 INFO.api_ai.py.api_ai.api_ai.21 {"text": "01-docker", "finish_reason": "stop", "choices": null}
2113061 140067559810880 2025.11.11 15.15.22 INFO.api_ai.py.api_ai.api_ai.44 01-docker
2113061 140067559810880 2025.11.11 15.15.23 INFO.api_ai.py.api_ai.api_ai.21 {"text": "02-networking", "finish_reason": "stop", "choices": null}
2113061 140067559810880 2025.11.11 15.15.23 INFO.api_ai.py.api_ai.api_ai.44 02-networking
2113061 140067559810880 2025.11.11 15.15.24 INFO.api_ai.py.api_ai.api_ai.21 {"text": "01-rust", "finish_reason": "stop", "choices": null}
2113061 140067559810880 2025.11.11 15.15.24 INFO.api_ai.py.api_ai.api_ai.44 01-rust
2113061 140067559810880 2025.11.11 15.15.25 INFO.api_ai.py.api_ai.api_ai.21 {"text": "01-rust", "finish_reason": "stop", "choices": null}
2113061 140067559810880 2025.11.11 15.15.25 INFO.api_ai.py.api_ai.api_ai.44 01-rust
2113061 140067559810880 2025.11.11 15.15.26 INFO.api_ai.py.api_ai.api_ai.21 {"text": "01-ai", "finish_reason": "stop", "choices": null}
2113061 140067559810880 2025.11.11 15.15.26 INFO.api_ai.py.api_ai.api_ai.44 01-ai
2113061 140067559810880 2025.11.11 15.15.26 INFO.api_ai.py.api_ai.api_ai.21 {"text": "03-interview", "finish_reason": "stop", "choices": null}
2113061 140067559810880 2025.11.11 15.15.26 INFO.api_ai.py.api_ai.api_ai.44 03-interview
2113061 140067559810880 2025.11.11 15.15.27 INFO.api_ai.py.api_ai.api_ai.21 {"text": "01-nodejs", "finish_reason": "stop", "choices": null}
2113061 140067559810880 2025.11.11 15.15.27 INFO.api_ai.py.api_ai.api_ai.44 01-nodejs
2113061 140067559810880 2025.11.11 15.15.29 INFO.api_ai.py.api_ai.api_ai.21 {"text": "01-ai", "finish_reason": "stop", "choices": null}
2113061 140067559810880 2025.11.11 15.15.29 INFO.api_ai.py.api_ai.api_ai.44 01-ai
2113061 140067559810880 2025.11.11 15.15.30 INFO.api_ai.py.api_ai.api_ai.21 {"text": "01-database", "finish_reason": "stop", "choices": null}
2113061 140067559810880 2025.11.11 15.15.30 INFO.api_ai.py.api_ai.api_ai.44 01-database
2113061 140067559810880 2025.11.11 15.15.31 INFO.api_ai.py.api_ai.api_ai.21 {"text": "02-api", "finish_reason": "stop", "choices": null}
2113061 140067559810880 2025.11.11 15.15.31 INFO.api_ai.py.api_ai.api_ai.44 02-api
2113061 140067559810880 2025.11.11 15.15.32 INFO.api_ai.py.api_ai.api_ai.21 {"text": "03-android", "finish_reason": "stop", "choices": null}
2113061 140067559810880 2025.11.11 15.15.32 INFO.api_ai.py.api_ai.api_ai.44 03-android
2113061 140067559810880 2025.11.11 15.15.32 INFO.api_ai.py.api_ai.api_ai.21 {"text": "05-mobile", "finish_reason": "stop", "choices": null}
2113061 140067559810880 2025.11.11 15.15.32 INFO.api_ai.py.api_ai.api_ai.44 05-mobile
2113061 140067559810880 2025.11.11 15.15.33 INFO.api_ai.py.api_ai.api_ai.21 {"text": "01-go", "finish_reason": "stop", "choices": null}
2113061 140067559810880 2025.11.11 15.15.33 INFO.api_ai.py.api_ai.api_ai.44 01-go
2113061 140067559810880 2025.11.11 15.15.34 INFO.api_ai.py.api_ai.api_ai.21 {"text": "03-interview", "finish_reason": "stop", "choices": null}
2113061 140067559810880 2025.11.11 15.15.34 INFO.api_ai.py.api_ai.api_ai.44 03-interview
2113061 140067559810880 2025.11.11 15.15.36 INFO.api_ai.py.api_ai.api_ai.21 {"text": "01-neovim", "finish_reason": "stop", "choices": null}
2113061 140067559810880 2025.11.11 15.15.36 INFO.api_ai.py.api_ai.api_ai.44 01-neovim
2113061 140067559810880 2025.11.11 15.15.36 INFO.api_ai.py.api_ai.api_ai.21 {"text": "01-rust", "finish_reason": "stop", "choices": null}
2113061 140067559810880 2025.11.11 15.15.36 INFO.api_ai.py.api_ai.api_ai.44 01-rust
2113061 140067559810880 2025.11.11 15.15.38 INFO.api_ai.py.api_ai.api_ai.21 {"text": "01-neovim", "finish_reason": "stop", "choices": null}
2113061 140067559810880 2025.11.11 15.15.38 INFO.api_ai.py.api_ai.api_ai.44 01-neovim
2113061 140067559810880 2025.11.11 15.15.39 INFO.api_ai.py.api_ai.api_ai.21 {"text": "01-ai", "finish_reason": "stop", "choices": null}
2113061 140067559810880 2025.11.11 15.15.39 INFO.api_ai.py.api_ai.api_ai.44 01-ai
2113061 140067559810880 2025.11.11 15.15.40 INFO.api_ai.py.api_ai.api_ai.21 {"text": "02-chat", "finish_reason": "stop", "choices": null}
2113061 140067559810880 2025.11.11 15.15.40 INFO.api_ai.py.api_ai.api_ai.44 02-chat
2113061 140067559810880 2025.11.11 15.15.41 INFO.api_ai.py.api_ai.api_ai.21 {"text": "01-ai", "finish_reason": "stop", "choices": null}
2113061 140067559810880 2025.11.11 15.15.41 INFO.api_ai.py.api_ai.api_ai.44 01-ai
2113061 140067559810880 2025.11.11 15.15.42 INFO.api_ai.py.api_ai.api_ai.21 {"text": "01-ai", "finish_reason": "stop", "choices": null}
2113061 140067559810880 2025.11.11 15.15.42 INFO.api_ai.py.api_ai.api_ai.44 01-ai
2113061 140067559810880 2025.11.11 15.15.44 INFO.api_ai.py.api_ai.api_ai.21 {"text": "01-rust", "finish_reason": "stop", "choices": null}
2113061 140067559810880 2025.11.11 15.15.44 INFO.api_ai.py.api_ai.api_ai.44 01-rust
2113061 140067559810880 2025.11.11 15.15.45 INFO.api_ai.py.api_ai.api_ai.21 {"text": "01-ai", "finish_reason": "stop", "choices": null}
2113061 140067559810880 2025.11.11 15.15.45 INFO.api_ai.py.api_ai.api_ai.44 01-ai
2113061 140067559810880 2025.11.11 15.15.46 INFO.api_ai.py.api_ai.api_ai.21 {"text": "01-python", "finish_reason": "stop", "choices": null}
2113061 140067559810880 2025.11.11 15.15.46 INFO.api_ai.py.api_ai.api_ai.44 01-python
2113061 140067559810880 2025.11.11 15.15.47 INFO.api_ai.py.api_ai.api_ai.21 {"text": "01-go", "finish_reason": "stop", "choices": null}
2113061 140067559810880 2025.11.11 15.15.47 INFO.api_ai.py.api_ai.api_ai.44 01-go
2113061 140067559810880 2025.11.11 15.15.48 INFO.api_ai.py.api_ai.api_ai.21 {"text": "01-ai", "finish_reason": "stop", "choices": null}
2113061 140067559810880 2025.11.11 15.15.48 INFO.api_ai.py.api_ai.api_ai.44 01-ai
2113061 140067559810880 2025.11.11 15.15.48 INFO.api_ai.py.api_ai.api_ai.21 {"text": "05-emulators", "finish_reason": "stop", "choices": null}
2113061 140067559810880 2025.11.11 15.15.48 INFO.api_ai.py.api_ai.api_ai.44 05-emulators
2113061 140067559810880 2025.11.11 15.15.49 INFO.api_ai.py.api_ai.api_ai.21 {"text": "github", "finish_reason": "stop", "choices": null}
2113061 140067559810880 2025.11.11 15.15.49 INFO.api_ai.py.api_ai.api_ai.44 github
2113061 140067559810880 2025.11.11 15.15.50 INFO.api_ai.py.api_ai.api_ai.21 {"text": "github", "finish_reason": "stop", "choices": null}
2113061 140067559810880 2025.11.11 15.15.50 INFO.api_ai.py.api_ai.api_ai.44 github
2113061 140067559810880 2025.11.11 15.15.51 INFO.api_ai.py.api_ai.api_ai.21 {"text": "01-neovim", "finish_reason": "stop", "choices": null}
2113061 140067559810880 2025.11.11 15.15.51 INFO.api_ai.py.api_ai.api_ai.44 01-neovim
2113061 140067559810880 2025.11.11 15.15.51 INFO.api_ai.py.api_ai.api_ai.21 {"text": "01-go", "finish_reason": "stop", "choices": null}
2113061 140067559810880 2025.11.11 15.15.51 INFO.api_ai.py.api_ai.api_ai.44 01-go
2113061 140067559810880 2025.11.11 15.15.52 INFO.api_ai.py.api_ai.api_ai.21 {"text": "04-tools", "finish_reason": "stop", "choices": null}
2113061 140067559810880 2025.11.11 15.15.52 INFO.api_ai.py.api_ai.api_ai.44 04-tools
2113061 140067559810880 2025.11.11 15.15.53 INFO.api_ai.py.api_ai.api_ai.21 {"text": "01-go", "finish_reason": "stop", "choices": null}
2113061 140067559810880 2025.11.11 15.15.53 INFO.api_ai.py.api_ai.api_ai.44 01-go
2113061 140067559810880 2025.11.11 15.15.54 INFO.api_ai.py.api_ai.api_ai.21 {"text": "01-ai", "finish_reason": "stop", "choices": null}
2113061 140067559810880 2025.11.11 15.15.54 INFO.api_ai.py.api_ai.api_ai.44 01-ai
2113061 140067559810880 2025.11.11 15.15.55 INFO.api_ai.py.api_ai.api_ai.21 {"text": "01-ai", "finish_reason": "stop", "choices": null}
2113061 140067559810880 2025.11.11 15.15.55 INFO.api_ai.py.api_ai.api_ai.44 01-ai
2113061 140067559810880 2025.11.11 15.15.56 INFO.api_ai.py.api_ai.api_ai.21 {"text": "01-go", "finish_reason": "stop", "choices": null}
2113061 140067559810880 2025.11.11 15.15.56 INFO.api_ai.py.api_ai.api_ai.44 01-go
2113061 140067559810880 2025.11.11 15.15.57 INFO.api_ai.py.api_ai.api_ai.21 {"text": "05-media", "finish_reason": "stop", "choices": null}
2113061 140067559810880 2025.11.11 15.15.57 INFO.api_ai.py.api_ai.api_ai.44 05-media
2113061 140067559810880 2025.11.11 15.15.58 INFO.api_ai.py.api_ai.api_ai.21 {"text": "01-python", "finish_reason": "stop", "choices": null}
2113061 140067559810880 2025.11.11 15.15.58 INFO.api_ai.py.api_ai.api_ai.44 01-python
2113061 140067559810880 2025.11.11 15.15.59 INFO.api_ai.py.api_ai.api_ai.21 {"text": "01-ai", "finish_reason": "stop", "choices": null}
2113061 140067559810880 2025.11.11 15.15.59 INFO.api_ai.py.api_ai.api_ai.44 01-ai
2113061 140067559810880 2025.11.11 15.16.00 INFO.api_ai.py.api_ai.api_ai.21 {"text": "01-linux", "finish_reason": "stop", "choices": null}
2113061 140067559810880 2025.11.11 15.16.00 INFO.api_ai.py.api_ai.api_ai.44 01-linux
2113061 140067559810880 2025.11.11 15.16.00 INFO.api_ai.py.api_ai.api_ai.21 {"text": "01-ai", "finish_reason": "stop", "choices": null}
2113061 140067559810880 2025.11.11 15.16.00 INFO.api_ai.py.api_ai.api_ai.44 01-ai
2113061 140067559810880 2025.11.11 15.16.02 INFO.api_ai.py.api_ai.api_ai.21 {"text": "01-rust", "finish_reason": "stop", "choices": null}
2113061 140067559810880 2025.11.11 15.16.02 INFO.api_ai.py.api_ai.api_ai.44 01-rust
2113061 140067559810880 2025.11.11 15.16.04 INFO.api_ai.py.api_ai.api_ai.21 {"text": "01-rust", "finish_reason": "stop", "choices": null}
2113061 140067559810880 2025.11.11 15.16.04 INFO.api_ai.py.api_ai.api_ai.44 01-rust
2113061 140067559810880 2025.11.11 15.16.05 INFO.api_ai.py.api_ai.api_ai.21 {"text": "02-database", "finish_reason": "stop", "choices": null}
2113061 140067559810880 2025.11.11 15.16.05 INFO.api_ai.py.api_ai.api_ai.44 02-database
2113061 140067559810880 2025.11.11 15.16.06 INFO.api_ai.py.api_ai.api_ai.21 {"text": "01-rust", "finish_reason": "stop", "choices": null}
2113061 140067559810880 2025.11.11 15.16.06 INFO.api_ai.py.api_ai.api_ai.44 01-rust
2113061 140067559810880 2025.11.11 15.16.07 INFO.api_ai.py.api_ai.api_ai.21 {"text": "05-games", "finish_reason": "stop", "choices": null}
2113061 140067559810880 2025.11.11 15.16.07 INFO.api_ai.py.api_ai.api_ai.44 05-games
2113061 140067559810880 2025.11.11 15.16.09 INFO.api_ai.py.api_ai.api_ai.21 {"text": "01-ai", "finish_reason": "stop", "choices": null}
2113061 140067559810880 2025.11.11 15.16.09 INFO.api_ai.py.api_ai.api_ai.44 01-ai
2113061 140067559810880 2025.11.11 15.16.09 INFO.api_ai.py.api_ai.api_ai.21 {"text": "02-database", "finish_reason": "stop", "choices": null}
2113061 140067559810880 2025.11.11 15.16.09 INFO.api_ai.py.api_ai.api_ai.44 02-database
2113061 140067559810880 2025.11.11 15.16.11 INFO.api_ai.py.api_ai.api_ai.21 {"text": "01-rust", "finish_reason": "stop", "choices": null}
2113061 140067559810880 2025.11.11 15.16.11 INFO.api_ai.py.api_ai.api_ai.44 01-rust
2113061 140067559810880 2025.11.11 15.16.12 INFO.api_ai.py.api_ai.api_ai.21 {"text": "05-openwrt", "finish_reason": "stop", "choices": null}
2113061 140067559810880 2025.11.11 15.16.12 INFO.api_ai.py.api_ai.api_ai.44 05-openwrt
2113061 140067559810880 2025.11.11 15.16.12 INFO.api_ai.py.api_ai.api_ai.21 {"text": "05-media", "finish_reason": "stop", "choices": null}
2113061 140067559810880 2025.11.11 15.16.12 INFO.api_ai.py.api_ai.api_ai.44 05-media
2113061 140067559810880 2025.11.11 15.16.14 INFO.api_ai.py.api_ai.api_ai.21 {"text": "01-ai", "finish_reason": "stop", "choices": null}
2113061 140067559810880 2025.11.11 15.16.14 INFO.api_ai.py.api_ai.api_ai.44 01-ai
2113061 140067559810880 2025.11.11 15.16.15 INFO.api_ai.py.api_ai.api_ai.21 {"text": "02-web", "finish_reason": "stop", "choices": null}
2113061 140067559810880 2025.11.11 15.16.15 INFO.api_ai.py.api_ai.api_ai.44 02-web
2113061 140067559810880 2025.11.11 15.16.16 INFO.api_ai.py.api_ai.api_ai.21 {"text": "02-networking", "finish_reason": "stop", "choices": null}
2113061 140067559810880 2025.11.11 15.16.16 INFO.api_ai.py.api_ai.api_ai.44 02-networking
2113061 140067559810880 2025.11.11 15.16.17 INFO.api_ai.py.api_ai.api_ai.21 {"text": "02-data", "finish_reason": "stop", "choices": null}
2113061 140067559810880 2025.11.11 15.16.17 INFO.api_ai.py.api_ai.api_ai.44 02-data
2113061 140067559810880 2025.11.11 15.16.17 INFO.api_ai.py.api_ai.api_ai.21 {"text": "02-web", "finish_reason": "stop", "choices": null}
2113061 140067559810880 2025.11.11 15.16.17 INFO.api_ai.py.api_ai.api_ai.44 02-web
2113061 140067559810880 2025.11.11 15.16.18 INFO.api_ai.py.api_ai.api_ai.21 {"text": "02-monitoring", "finish_reason": "stop", "choices": null}
2113061 140067559810880 2025.11.11 15.16.18 INFO.api_ai.py.api_ai.api_ai.44 02-monitoring
2113061 140067559810880 2025.11.11 15.16.19 INFO.api_ai.py.api_ai.api_ai.21 {"text": "02-kubernetes", "finish_reason": "stop", "choices": null}
2113061 140067559810880 2025.11.11 15.16.19 INFO.api_ai.py.api_ai.api_ai.44 02-kubernetes
2113061 140067559810880 2025.11.11 15.16.20 INFO.api_ai.py.api_ai.api_ai.21 {"text": "01-neovim", "finish_reason": "stop", "choices": null}
2113061 140067559810880 2025.11.11 15.16.20 INFO.api_ai.py.api_ai.api_ai.44 01-neovim
2113061 140067559810880 2025.11.11 15.16.22 INFO.api_ai.py.api_ai.api_ai.21 {"text": "01-ai", "finish_reason": "stop", "choices": null}
2113061 140067559810880 2025.11.11 15.16.22 INFO.api_ai.py.api_ai.api_ai.44 01-ai
2113061 140067559810880 2025.11.11 15.16.22 INFO.api_ai.py.api_ai.api_ai.21 {"text": "01-docker", "finish_reason": "stop", "choices": null}
2113061 140067559810880 2025.11.11 15.16.22 INFO.api_ai.py.api_ai.api_ai.44 01-docker
2532615 139632572786496 2025.11.11 15.53.38 INFO.api_ai.py.api_ai.api_ai.21 {"text": "01-database", "finish_reason": "stop", "choices": null}
2532615 139632572786496 2025.11.11 15.53.38 INFO.api_ai.py.api_ai.api_ai.45 01-database
